Using pre-set license
Built from '2021.3/staging' branch; Version is '2021.3.16f1 (4016570cf34f) revision 4200023'; Using compiler version '192829333'; Build Type 'Release'
OS: 'Windows 10  (10.0.19045) 64bit Core' Language: 'en' Physical Memory: 32630 MB
BatchMode: 1, IsHumanControllingUs: 0, StartBugReporterOnCrash: 0, Is64bit: 1, IsPro: 1

COMMAND LINE ARGUMENTS:
C:\Program Files\Unity\Hub\Editor\2021.3.16f1\Editor\Unity.exe
-adb2
-batchMode
-noUpm
-name
AssetImportWorker4
-projectPath
C:/Users/yuanc/Desktop/GitHub/ZappARathon_UmichNIR
-logFile
Logs/AssetImportWorker4.log
-srvPort
58232
Successfully changed project path to: C:/Users/yuanc/Desktop/GitHub/ZappARathon_UmichNIR
C:/Users/yuanc/Desktop/GitHub/ZappARathon_UmichNIR
[UnityMemory] Configuration Parameters - Can be set up in boot.config
    "memorysetup-bucket-allocator-granularity=16"
    "memorysetup-bucket-allocator-bucket-count=8"
    "memorysetup-bucket-allocator-block-size=33554432"
    "memorysetup-bucket-allocator-block-count=8"
    "memorysetup-main-allocator-block-size=16777216"
    "memorysetup-thread-allocator-block-size=16777216"
    "memorysetup-gfx-main-allocator-block-size=16777216"
    "memorysetup-gfx-thread-allocator-block-size=16777216"
    "memorysetup-cache-allocator-block-size=4194304"
    "memorysetup-typetree-allocator-block-size=2097152"
    "memorysetup-profiler-bucket-allocator-granularity=16"
    "memorysetup-profiler-bucket-allocator-bucket-count=8"
    "memorysetup-profiler-bucket-allocator-block-size=33554432"
    "memorysetup-profiler-bucket-allocator-block-count=8"
    "memorysetup-profiler-allocator-block-size=16777216"
    "memorysetup-profiler-editor-allocator-block-size=1048576"
    "memorysetup-temp-allocator-size-main=16777216"
    "memorysetup-job-temp-allocator-block-size=2097152"
    "memorysetup-job-temp-allocator-block-size-background=1048576"
    "memorysetup-job-temp-allocator-reduction-small-platforms=262144"
    "memorysetup-temp-allocator-size-background-worker=32768"
    "memorysetup-temp-allocator-size-job-worker=262144"
    "memorysetup-temp-allocator-size-preload-manager=33554432"
    "memorysetup-temp-allocator-size-nav-mesh-worker=65536"
    "memorysetup-temp-allocator-size-audio-worker=65536"
    "memorysetup-temp-allocator-size-cloud-worker=32768"
    "memorysetup-temp-allocator-size-gi-baking-worker=262144"
    "memorysetup-temp-allocator-size-gfx=262144"
Player connection [37968] Host "[IP] 192.168.1.109 [Port] 0 [Flags] 2 [Guid] 2477741395 [EditorId] 2477741395 [Version] 1048832 [Id] WindowsEditor(7,Envy) [Debug] 1 [PackageName] WindowsEditor [ProjectName] Editor" joined multi-casting on [225.0.0.222:54997]...

Player connection [37968] Host "[IP] 192.168.1.109 [Port] 0 [Flags] 2 [Guid] 2477741395 [EditorId] 2477741395 [Version] 1048832 [Id] WindowsEditor(7,Envy) [Debug] 1 [PackageName] WindowsEditor [ProjectName] Editor" joined alternative multi-casting on [225.0.0.222:34997]...

Refreshing native plugins compatible for Editor in 133.78 ms, found 5 plugins.
Preloading 0 native plugins for Editor in 0.00 ms.
Initialize engine version: 2021.3.16f1 (4016570cf34f)
[Subsystems] Discovering subsystems at path C:/Program Files/Unity/Hub/Editor/2021.3.16f1/Editor/Data/Resources/UnitySubsystems
[Subsystems] Discovering subsystems at path C:/Users/yuanc/Desktop/GitHub/ZappARathon_UmichNIR/Assets
GfxDevice: creating device client; threaded=0; jobified=0
Direct3D:
    Version:  Direct3D 11.0 [level 11.1]
    Renderer: NVIDIA GeForce GTX 1660 SUPER (ID=0x21c4)
    Vendor:   NVIDIA
    VRAM:     5992 MB
    Driver:   31.0.15.1694
Initialize mono
Mono path[0] = 'C:/Program Files/Unity/Hub/Editor/2021.3.16f1/Editor/Data/Managed'
Mono path[1] = 'C:/Program Files/Unity/Hub/Editor/2021.3.16f1/Editor/Data/MonoBleedingEdge/lib/mono/unityjit-win32'
Mono config path = 'C:/Program Files/Unity/Hub/Editor/2021.3.16f1/Editor/Data/MonoBleedingEdge/etc'
Using monoOptions --debugger-agent=transport=dt_socket,embedding=1,server=y,suspend=n,address=127.0.0.1:56388
Begin MonoManager ReloadAssembly
Registering precompiled unity dll's ...
Register platform support module: C:/Program Files/Unity/Hub/Editor/2021.3.16f1/Editor/Data/PlaybackEngines/WebGLSupport/UnityEditor.WebGL.Extensions.dll
Register platform support module: C:/Program Files/Unity/Hub/Editor/2021.3.16f1/Editor/Data/PlaybackEngines/AndroidPlayer/UnityEditor.Android.Extensions.dll
Register platform support module: C:/Program Files/Unity/Hub/Editor/2021.3.16f1/Editor/Data/PlaybackEngines/WindowsStandaloneSupport/UnityEditor.WindowsStandalone.Extensions.dll
Registered in 0.010078 seconds.
Native extension for WindowsStandalone target not found
Native extension for Android target not found
Native extension for WebGL target not found
Refreshing native plugins compatible for Editor in 93.47 ms, found 5 plugins.
Preloading 0 native plugins for Editor in 0.00 ms.
Mono: successfully reloaded assembly
- Completed reload, in  0.882 seconds
Domain Reload Profiling:
	ReloadAssembly (882ms)
		BeginReloadAssembly (98ms)
			ExecutionOrderSort (0ms)
			DisableScriptedObjects (0ms)
			BackupInstance (0ms)
			ReleaseScriptingObjects (0ms)
			CreateAndSetChildDomain (1ms)
		EndReloadAssembly (653ms)
			LoadAssemblies (95ms)
			RebuildTransferFunctionScriptingTraits (0ms)
			SetupTypeCache (174ms)
			ReleaseScriptCaches (0ms)
			RebuildScriptCaches (39ms)
			SetupLoadedEditorAssemblies (364ms)
				LogAssemblyErrors (0ms)
				InitializePlatformSupportModulesInManaged (87ms)
				SetLoadedEditorAssemblies (0ms)
				RefreshPlugins (94ms)
				BeforeProcessingInitializeOnLoad (1ms)
				ProcessInitializeOnLoadAttributes (112ms)
				ProcessInitializeOnLoadMethodAttributes (70ms)
				AfterProcessingInitializeOnLoad (0ms)
				EditorAssembliesLoaded (0ms)
			ExecutionOrderSort2 (0ms)
			AwakeInstancesAfterBackupRestoration (0ms)
Platform modules already initialized, skipping
Registering precompiled user dll's ...
Registered in 0.008305 seconds.
Begin MonoManager ReloadAssembly
Symbol file LoadedFromMemory doesn't match image C:\Users\yuanc\Desktop\GitHub\ZappARathon_UmichNIR\Library\PackageCache\com.unity.visualscripting@1.7.8\Editor\VisualScripting.Core\Dependencies\YamlDotNet\Unity.VisualScripting.YamlDotNet.dll
Symbol file LoadedFromMemory doesn't match image C:\Users\yuanc\Desktop\GitHub\ZappARathon_UmichNIR\Library\PackageCache\com.unity.visualscripting@1.7.8\Editor\VisualScripting.Core\Dependencies\DotNetZip\Unity.VisualScripting.IonicZip.dll
Native extension for WindowsStandalone target not found
Native extension for Android target not found
Native extension for WebGL target not found
Refreshing native plugins compatible for Editor in 0.59 ms, found 5 plugins.
Preloading 0 native plugins for Editor in 0.00 ms.
System.NullReferenceException: Object reference not set to an instance of an object
  at Zappar.Editor.ZapparUARSettingsProvider.GetOrCreateSettings () [0x00016] in C:\Users\yuanc\Desktop\GitHub\ZappARathon_UmichNIR\Library\PackageCache\com.zappar.uar@6025ba0657\Editor\ZapparUARSettingsProvider.cs:141 
  at Zappar.Editor.PackageImportSettings.RefreshPackage () [0x00036] in C:\Users\yuanc\Desktop\GitHub\ZappARathon_UmichNIR\Library\PackageCache\com.zappar.uar@6025ba0657\Editor\PackageImportSettings.cs:31 
  at Zappar.Editor.PackageImportSettings..cctor () [0x00000] in C:\Users\yuanc\Desktop\GitHub\ZappARathon_UmichNIR\Library\PackageCache\com.zappar.uar@6025ba0657\Editor\PackageImportSettings.cs:13 
UnityEngine.StackTraceUtility:ExtractStackTrace ()
UnityEngine.DebugLogHandler:LogFormat (UnityEngine.LogType,UnityEngine.Object,string,object[])
UnityEngine.Logger:Log (UnityEngine.LogType,object)
UnityEngine.Debug:LogError (object)
UnityEditor.EditorAssemblies:ProcessInitializeOnLoadAttributes (System.Type[])

Mono: successfully reloaded assembly
- Completed reload, in  1.168 seconds
Domain Reload Profiling:
	ReloadAssembly (1169ms)
		BeginReloadAssembly (215ms)
			ExecutionOrderSort (0ms)
			DisableScriptedObjects (6ms)
			BackupInstance (0ms)
			ReleaseScriptingObjects (0ms)
			CreateAndSetChildDomain (123ms)
		EndReloadAssembly (834ms)
			LoadAssemblies (82ms)
			RebuildTransferFunctionScriptingTraits (0ms)
			SetupTypeCache (292ms)
			ReleaseScriptCaches (1ms)
			RebuildScriptCaches (53ms)
			SetupLoadedEditorAssemblies (358ms)
				LogAssemblyErrors (0ms)
				InitializePlatformSupportModulesInManaged (15ms)
				SetLoadedEditorAssemblies (0ms)
				RefreshPlugins (1ms)
				BeforeProcessingInitializeOnLoad (81ms)
				ProcessInitializeOnLoadAttributes (231ms)
				ProcessInitializeOnLoadMethodAttributes (23ms)
				AfterProcessingInitializeOnLoad (8ms)
				EditorAssembliesLoaded (0ms)
			ExecutionOrderSort2 (0ms)
			AwakeInstancesAfterBackupRestoration (15ms)
Platform modules already initialized, skipping
========================================================================
Worker process is ready to serve import requests
Launched and connected shader compiler UnityShaderCompiler.exe after 0.04 seconds
Refreshing native plugins compatible for Editor in 1.08 ms, found 5 plugins.
Preloading 0 native plugins for Editor in 0.00 ms.
Unloading 3444 Unused Serialized files (Serialized files now loaded: 0)
Unloading 44 unused Assets / (56.1 KB). Loaded Objects now: 3887.
Memory consumption went from 120.5 MB to 120.4 MB.
Total: 3.913100 ms (FindLiveObjects: 0.244500 ms CreateObjectMapping: 0.176800 ms MarkObjects: 3.418300 ms  DeleteObjects: 0.072500 ms)

AssetImportParameters requested are different than current active one (requested -> active):
  custom:video-decoder-ogg-theora: a1e56fd34408186e4bbccfd4996cb3dc -> 
  custom:container-muxer-webm: aa71ff27fc2769a1b78a27578f13a17b -> 
  custom:container-demuxer-webm: 4f35f7cbe854078d1ac9338744f61a02 -> 
  custom:video-encoder-webm-vp8: eb34c28f22e8b96e1ab97ce403110664 -> 
  custom:video-codec-MediaFoundation-h265: 746d11721c4dcdbdad8f713fa42b33f4 -> 
  custom:audio-encoder-webm-vorbis: bf7c407c2cedff20999df2af8eb42d56 -> 
  custom:framework-win-MediaFoundation: 216162199b28c13a410421893ffa2e32 -> 
  custom:container-demuxer-ogg: 62fdf1f143b41e24485cea50d1cbac27 -> 
  custom:video-decoder-webm-vp8: 9c59270c3fd7afecdb556c50c9e8de78 -> 
  custom:audio-decoder-ogg-vorbis: bf7c407c2cedff20999df2af8eb42d56 -> 
========================================================================
Received Import Request.
  Time since last request: 1544105.318876 seconds.
  path: Assets/camera_flip.gif
  artifactKey: Guid(e32f8ddaf257bd54fa63644028f90f43) Importer(815301076,1909f56bfc062723c751e8b465ee728b)
Start importing Assets/camera_flip.gif using Guid(e32f8ddaf257bd54fa63644028f90f43) Importer(815301076,1909f56bfc062723c751e8b465ee728b)  -> (artifact id: '0adf07e9b279f2f4bb58e7ced5ba26a9') in 0.073270 seconds 
========================================================================
Received Import Request.
  Time since last request: 168.825197 seconds.
  path: Assets/camera_flip.png
  artifactKey: Guid(627bd4575c05fc6428b1e5b39bcc039b) Importer(815301076,1909f56bfc062723c751e8b465ee728b)
Start importing Assets/camera_flip.png using Guid(627bd4575c05fc6428b1e5b39bcc039b) Importer(815301076,1909f56bfc062723c751e8b465ee728b)  -> (artifact id: 'f153c49ca7fe6ba0dc618eda203e4f74') in 0.016365 seconds 
========================================================================
Received Import Request.
  Time since last request: 59.889444 seconds.
  path: Assets/camera_flip.png
  artifactKey: Guid(627bd4575c05fc6428b1e5b39bcc039b) Importer(815301076,1909f56bfc062723c751e8b465ee728b)
Start importing Assets/camera_flip.png using Guid(627bd4575c05fc6428b1e5b39bcc039b) Importer(815301076,1909f56bfc062723c751e8b465ee728b)  -> (artifact id: '38e583baa4d5031e0b0133b89d1f2683') in 0.011519 seconds 
========================================================================
Received Import Request.
  Time since last request: 47.674432 seconds.
  path: Packages/com.unity.collab-proxy/Editor/PlasticSCM/Assets/Images/d_iconundo@2x.png
  artifactKey: Guid(6d6088174bb906b49ad8428526ee337b) Importer(815301076,1909f56bfc062723c751e8b465ee728b)
Start importing Packages/com.unity.collab-proxy/Editor/PlasticSCM/Assets/Images/d_iconundo@2x.png using Guid(6d6088174bb906b49ad8428526ee337b) Importer(815301076,1909f56bfc062723c751e8b465ee728b)  -> (artifact id: 'c86f85a2e403c8aa986fbb7e87e9ab9c') in 0.059011 seconds 
========================================================================
Received Import Request.
  Time since last request: 0.000023 seconds.
  path: Packages/com.unity.collab-proxy/Editor/PlasticSCM/Assets/Images/d_iconprivateoverlay.png
  artifactKey: Guid(059fb5367594a3343814dc25ace454b3) Importer(815301076,1909f56bfc062723c751e8b465ee728b)
Start importing Packages/com.unity.collab-proxy/Editor/PlasticSCM/Assets/Images/d_iconprivateoverlay.png using Guid(059fb5367594a3343814dc25ace454b3) Importer(815301076,1909f56bfc062723c751e8b465ee728b)  -> (artifact id: 'f17e3e9d2af1d8ba57bc6732ff546a40') in 0.022270 seconds 
========================================================================
Received Import Request.
  Time since last request: 0.000018 seconds.
  path: Packages/com.unity.collab-proxy/Editor/PlasticSCM/Assets/Images/d_iconplasticviewnotify.png
  artifactKey: Guid(df7dbac99fae5444f92b497c52f0ecfb) Importer(815301076,1909f56bfc062723c751e8b465ee728b)
Start importing Packages/com.unity.collab-proxy/Editor/PlasticSCM/Assets/Images/d_iconplasticviewnotify.png using Guid(df7dbac99fae5444f92b497c52f0ecfb) Importer(815301076,1909f56bfc062723c751e8b465ee728b)  -> (artifact id: '3f2d931229b62d0ef9cfe158da93ae78') in 0.017972 seconds 
========================================================================
Received Import Request.
  Time since last request: 0.000018 seconds.
  path: Packages/com.unity.collab-proxy/Editor/PlasticSCM/Assets/Images/d_iconlockedlocaloverlay@2x.png
  artifactKey: Guid(ae53a7884da90e94eb5dfeab594b746c) Importer(815301076,1909f56bfc062723c751e8b465ee728b)
Start importing Packages/com.unity.collab-proxy/Editor/PlasticSCM/Assets/Images/d_iconlockedlocaloverlay@2x.png using Guid(ae53a7884da90e94eb5dfeab594b746c) Importer(815301076,1909f56bfc062723c751e8b465ee728b)  -> (artifact id: '7e04c9d40b3515888650423160331bff') in 0.018725 seconds 
========================================================================
Received Import Request.
  Time since last request: 0.000022 seconds.
  path: Packages/com.unity.collab-proxy/Editor/PlasticSCM/Assets/Images/d_iconlockedlocaloverlay.png
  artifactKey: Guid(71c45f80bffdb9145ad2c456254c862e) Importer(815301076,1909f56bfc062723c751e8b465ee728b)
Start importing Packages/com.unity.collab-proxy/Editor/PlasticSCM/Assets/Images/d_iconlockedlocaloverlay.png using Guid(71c45f80bffdb9145ad2c456254c862e) Importer(815301076,1909f56bfc062723c751e8b465ee728b)  -> (artifact id: 'a8fccf58abc2fe76e59bbbbc119fe49e') in 0.019957 seconds 
========================================================================
Received Import Request.
  Time since last request: 0.000030 seconds.
  path: Packages/com.unity.collab-proxy/Editor/PlasticSCM/Assets/Images/d_iconlockedremoteoverlay@2x.png
  artifactKey: Guid(2bb4e96f5d0b02c468932d665a015c54) Importer(815301076,1909f56bfc062723c751e8b465ee728b)
Start importing Packages/com.unity.collab-proxy/Editor/PlasticSCM/Assets/Images/d_iconlockedremoteoverlay@2x.png using Guid(2bb4e96f5d0b02c468932d665a015c54) Importer(815301076,1909f56bfc062723c751e8b465ee728b)  -> (artifact id: 'd1a1c310d0b957b47b5119e488b7aaae') in 0.017704 seconds 
========================================================================
Received Import Request.
  Time since last request: 13.632707 seconds.
  path: Assets/shutter.png
  artifactKey: Guid(29aaa78bf3dd9ff4c8d64f0d8e3742e7) Importer(815301076,1909f56bfc062723c751e8b465ee728b)
Start importing Assets/shutter.png using Guid(29aaa78bf3dd9ff4c8d64f0d8e3742e7) Importer(815301076,1909f56bfc062723c751e8b465ee728b)  -> (artifact id: 'd9d236684581dcae70eab196c21fb910') in 0.015288 seconds 
========================================================================
Received Import Request.
  Time since last request: 100.964138 seconds.
  path: Assets/camera_flip.gif
  artifactKey: Guid(e32f8ddaf257bd54fa63644028f90f43) Importer(815301076,1909f56bfc062723c751e8b465ee728b)
Start importing Assets/camera_flip.gif using Guid(e32f8ddaf257bd54fa63644028f90f43) Importer(815301076,1909f56bfc062723c751e8b465ee728b)  -> (artifact id: '48cbaea8669ff7d11fe5b23ea7a0f78f') in 0.010351 seconds 
========================================================================
Received Import Request.
  Time since last request: 27.131794 seconds.
  path: Assets/camera_flip.gif
  artifactKey: Guid(e32f8ddaf257bd54fa63644028f90f43) Importer(815301076,1909f56bfc062723c751e8b465ee728b)
Start importing Assets/camera_flip.gif using Guid(e32f8ddaf257bd54fa63644028f90f43) Importer(815301076,1909f56bfc062723c751e8b465ee728b)  -> (artifact id: '060d9d79ab3706b7770648426d81d9fa') in 0.011058 seconds 
========================================================================
Received Import Request.
  Time since last request: 63.481562 seconds.
  path: Assets/shutter.gif
  artifactKey: Guid(fbb846c7da3bbc24ca390f1f5f72c8b1) Importer(815301076,1909f56bfc062723c751e8b465ee728b)
Start importing Assets/shutter.gif using Guid(fbb846c7da3bbc24ca390f1f5f72c8b1) Importer(815301076,1909f56bfc062723c751e8b465ee728b)  -> (artifact id: '5005da27228e5c2c84da4e90fabfa480') in 0.010267 seconds 
========================================================================
Received Import Request.
  Time since last request: 4.925810 seconds.
  path: Assets/shutter.gif
  artifactKey: Guid(fbb846c7da3bbc24ca390f1f5f72c8b1) Importer(815301076,1909f56bfc062723c751e8b465ee728b)
Start importing Assets/shutter.gif using Guid(fbb846c7da3bbc24ca390f1f5f72c8b1) Importer(815301076,1909f56bfc062723c751e8b465ee728b)  -> (artifact id: '06e122398c4d948bd46d96b4aafb5ac1') in 0.014015 seconds 
========================================================================
Received Prepare
Registering precompiled user dll's ...
Registered in 0.005560 seconds.
Begin MonoManager ReloadAssembly
Symbol file LoadedFromMemory doesn't match image C:\Users\yuanc\Desktop\GitHub\ZappARathon_UmichNIR\Library\PackageCache\com.unity.visualscripting@1.7.8\Editor\VisualScripting.Core\Dependencies\YamlDotNet\Unity.VisualScripting.YamlDotNet.dll
Symbol file LoadedFromMemory doesn't match image C:\Users\yuanc\Desktop\GitHub\ZappARathon_UmichNIR\Library\PackageCache\com.unity.visualscripting@1.7.8\Editor\VisualScripting.Core\Dependencies\DotNetZip\Unity.VisualScripting.IonicZip.dll
Native extension for WindowsStandalone target not found
Native extension for Android target not found
Native extension for WebGL target not found
Refreshing native plugins compatible for Editor in 0.69 ms, found 5 plugins.
Preloading 0 native plugins for Editor in 0.00 ms.
System.NullReferenceException: Object reference not set to an instance of an object
  at Zappar.Editor.ZapparUARSettingsProvider.GetOrCreateSettings () [0x00059] in C:\Users\yuanc\Desktop\GitHub\ZappARathon_UmichNIR\Library\PackageCache\com.zappar.uar@6025ba0657\Editor\ZapparUARSettingsProvider.cs:148 
  at Zappar.Editor.PackageImportSettings.RefreshPackage () [0x00036] in C:\Users\yuanc\Desktop\GitHub\ZappARathon_UmichNIR\Library\PackageCache\com.zappar.uar@6025ba0657\Editor\PackageImportSettings.cs:31 
  at Zappar.Editor.PackageImportSettings..cctor () [0x00000] in C:\Users\yuanc\Desktop\GitHub\ZappARathon_UmichNIR\Library\PackageCache\com.zappar.uar@6025ba0657\Editor\PackageImportSettings.cs:13 
UnityEngine.StackTraceUtility:ExtractStackTrace ()
UnityEngine.DebugLogHandler:LogFormat (UnityEngine.LogType,UnityEngine.Object,string,object[])
UnityEngine.Logger:Log (UnityEngine.LogType,object)
UnityEngine.Debug:LogError (object)
UnityEditor.EditorAssemblies:ProcessInitializeOnLoadAttributes (System.Type[])

Mono: successfully reloaded assembly
- Completed reload, in  1.219 seconds
Domain Reload Profiling:
	ReloadAssembly (1219ms)
		BeginReloadAssembly (138ms)
			ExecutionOrderSort (0ms)
			DisableScriptedObjects (5ms)
			BackupInstance (0ms)
			ReleaseScriptingObjects (0ms)
			CreateAndSetChildDomain (37ms)
		EndReloadAssembly (978ms)
			LoadAssemblies (83ms)
			RebuildTransferFunctionScriptingTraits (0ms)
			SetupTypeCache (309ms)
			ReleaseScriptCaches (1ms)
			RebuildScriptCaches (48ms)
			SetupLoadedEditorAssemblies (489ms)
				LogAssemblyErrors (0ms)
				InitializePlatformSupportModulesInManaged (26ms)
				SetLoadedEditorAssemblies (0ms)
				RefreshPlugins (1ms)
				BeforeProcessingInitializeOnLoad (75ms)
				ProcessInitializeOnLoadAttributes (354ms)
				ProcessInitializeOnLoadMethodAttributes (23ms)
				AfterProcessingInitializeOnLoad (10ms)
				EditorAssembliesLoaded (0ms)
			ExecutionOrderSort2 (0ms)
			AwakeInstancesAfterBackupRestoration (9ms)
Platform modules already initialized, skipping
Refreshing native plugins compatible for Editor in 7.23 ms, found 5 plugins.
Preloading 0 native plugins for Editor in 0.00 ms.
Unloading 3420 Unused Serialized files (Serialized files now loaded: 0)
Unloading 36 unused Assets / (24.6 KB). Loaded Objects now: 3904.
Memory consumption went from 123.0 MB to 122.9 MB.
Total: 2.895600 ms (FindLiveObjects: 0.259800 ms CreateObjectMapping: 0.196000 ms MarkObjects: 2.407900 ms  DeleteObjects: 0.030800 ms)

AssetImportParameters requested are different than current active one (requested -> active):
  custom:video-decoder-ogg-theora: a1e56fd34408186e4bbccfd4996cb3dc -> 
  custom:container-muxer-webm: aa71ff27fc2769a1b78a27578f13a17b -> 
  custom:container-demuxer-webm: 4f35f7cbe854078d1ac9338744f61a02 -> 
  custom:video-encoder-webm-vp8: eb34c28f22e8b96e1ab97ce403110664 -> 
  custom:video-codec-MediaFoundation-h265: 746d11721c4dcdbdad8f713fa42b33f4 -> 
  custom:audio-encoder-webm-vorbis: bf7c407c2cedff20999df2af8eb42d56 -> 
  custom:framework-win-MediaFoundation: 216162199b28c13a410421893ffa2e32 -> 
  custom:container-demuxer-ogg: 62fdf1f143b41e24485cea50d1cbac27 -> 
  custom:video-decoder-webm-vp8: 9c59270c3fd7afecdb556c50c9e8de78 -> 
  custom:audio-decoder-ogg-vorbis: bf7c407c2cedff20999df2af8eb42d56 -> 
========================================================================
Received Import Request.
  Time since last request: 89.866142 seconds.
  path: Assets/Scenes/front.unity
  artifactKey: Guid(9fc0d4010bbf28b4594072e72b8655ab) Importer(815301076,1909f56bfc062723c751e8b465ee728b)
Start importing Assets/Scenes/front.unity using Guid(9fc0d4010bbf28b4594072e72b8655ab) Importer(815301076,1909f56bfc062723c751e8b465ee728b)  -> (artifact id: '61dfb8a14f141516bfb480551c89267f') in 0.012337 seconds 
========================================================================
Received Import Request.
  Time since last request: 6.002195 seconds.
  path: Assets/Scenes/front 1.unity
  artifactKey: Guid(2cb96e434a7d7cc4babae58b07a4f39d) Importer(815301076,1909f56bfc062723c751e8b465ee728b)
Start importing Assets/Scenes/front 1.unity using Guid(2cb96e434a7d7cc4babae58b07a4f39d) Importer(815301076,1909f56bfc062723c751e8b465ee728b)  -> (artifact id: '0bd745fdd3b7ea77382250e8396d0c17') in 0.006073 seconds 
========================================================================
Received Import Request.
  Time since last request: 3.969973 seconds.
  path: Assets/Scenes/back.unity
  artifactKey: Guid(2cb96e434a7d7cc4babae58b07a4f39d) Importer(815301076,1909f56bfc062723c751e8b465ee728b)
Start importing Assets/Scenes/back.unity using Guid(2cb96e434a7d7cc4babae58b07a4f39d) Importer(815301076,1909f56bfc062723c751e8b465ee728b)  -> (artifact id: '55661d563bd4e5f7d23d17d0b3f743c1') in 0.005935 seconds 
========================================================================
Received Prepare
Refreshing native plugins compatible for Editor in 9.19 ms, found 5 plugins.
Preloading 0 native plugins for Editor in 0.00 ms.
Unloading 36 Unused Serialized files (Serialized files now loaded: 0)
Unloading 36 unused Assets / (21.9 KB). Loaded Objects now: 3904.
Memory consumption went from 55.2 MB to 55.2 MB.
Total: 3.402900 ms (FindLiveObjects: 0.306000 ms CreateObjectMapping: 0.190800 ms MarkObjects: 2.867900 ms  DeleteObjects: 0.037200 ms)

AssetImportParameters requested are different than current active one (requested -> active):
  custom:video-decoder-ogg-theora: a1e56fd34408186e4bbccfd4996cb3dc -> 
  custom:container-muxer-webm: aa71ff27fc2769a1b78a27578f13a17b -> 
  custom:container-demuxer-webm: 4f35f7cbe854078d1ac9338744f61a02 -> 
  custom:video-encoder-webm-vp8: eb34c28f22e8b96e1ab97ce403110664 -> 
  custom:video-codec-MediaFoundation-h265: 746d11721c4dcdbdad8f713fa42b33f4 -> 
  custom:audio-encoder-webm-vorbis: bf7c407c2cedff20999df2af8eb42d56 -> 
  custom:framework-win-MediaFoundation: 216162199b28c13a410421893ffa2e32 -> 
  custom:container-demuxer-ogg: 62fdf1f143b41e24485cea50d1cbac27 -> 
  custom:video-decoder-webm-vp8: 9c59270c3fd7afecdb556c50c9e8de78 -> 
  custom:audio-decoder-ogg-vorbis: bf7c407c2cedff20999df2af8eb42d56 -> 
========================================================================
Received Prepare
Refreshing native plugins compatible for Editor in 12.06 ms, found 5 plugins.
Preloading 0 native plugins for Editor in 0.00 ms.
Unloading 36 Unused Serialized files (Serialized files now loaded: 0)
Unloading 36 unused Assets / (22.0 KB). Loaded Objects now: 3904.
Memory consumption went from 55.2 MB to 55.2 MB.
Total: 5.270000 ms (FindLiveObjects: 0.392700 ms CreateObjectMapping: 0.299400 ms MarkObjects: 4.534100 ms  DeleteObjects: 0.042600 ms)

AssetImportParameters requested are different than current active one (requested -> active):
  custom:video-decoder-ogg-theora: a1e56fd34408186e4bbccfd4996cb3dc -> 
  custom:container-muxer-webm: aa71ff27fc2769a1b78a27578f13a17b -> 
  custom:container-demuxer-webm: 4f35f7cbe854078d1ac9338744f61a02 -> 
  custom:video-encoder-webm-vp8: eb34c28f22e8b96e1ab97ce403110664 -> 
  custom:video-codec-MediaFoundation-h265: 746d11721c4dcdbdad8f713fa42b33f4 -> 
  custom:audio-encoder-webm-vorbis: bf7c407c2cedff20999df2af8eb42d56 -> 
  custom:framework-win-MediaFoundation: 216162199b28c13a410421893ffa2e32 -> 
  custom:container-demuxer-ogg: 62fdf1f143b41e24485cea50d1cbac27 -> 
  custom:video-decoder-webm-vp8: 9c59270c3fd7afecdb556c50c9e8de78 -> 
  custom:audio-decoder-ogg-vorbis: bf7c407c2cedff20999df2af8eb42d56 -> 
========================================================================
Received Import Request.
  Time since last request: 248.459160 seconds.
  path: Assets/Scenes/back.unity
  artifactKey: Guid(2cb96e434a7d7cc4babae58b07a4f39d) Importer(815301076,1909f56bfc062723c751e8b465ee728b)
Start importing Assets/Scenes/back.unity using Guid(2cb96e434a7d7cc4babae58b07a4f39d) Importer(815301076,1909f56bfc062723c751e8b465ee728b)  -> (artifact id: '4833adf75898c34d6e1ca5d80991c6c8') in 0.003814 seconds 
========================================================================
Received Prepare
Refreshing native plugins compatible for Editor in 8.68 ms, found 5 plugins.
Preloading 0 native plugins for Editor in 0.00 ms.
Unloading 36 Unused Serialized files (Serialized files now loaded: 0)
Unloading 36 unused Assets / (22.9 KB). Loaded Objects now: 3904.
Memory consumption went from 55.2 MB to 55.2 MB.
Total: 4.065500 ms (FindLiveObjects: 0.245700 ms CreateObjectMapping: 0.176100 ms MarkObjects: 3.613200 ms  DeleteObjects: 0.029600 ms)

AssetImportParameters requested are different than current active one (requested -> active):
  custom:video-decoder-ogg-theora: a1e56fd34408186e4bbccfd4996cb3dc -> 
  custom:container-muxer-webm: aa71ff27fc2769a1b78a27578f13a17b -> 
  custom:container-demuxer-webm: 4f35f7cbe854078d1ac9338744f61a02 -> 
  custom:video-encoder-webm-vp8: eb34c28f22e8b96e1ab97ce403110664 -> 
  custom:video-codec-MediaFoundation-h265: 746d11721c4dcdbdad8f713fa42b33f4 -> 
  custom:audio-encoder-webm-vorbis: bf7c407c2cedff20999df2af8eb42d56 -> 
  custom:framework-win-MediaFoundation: 216162199b28c13a410421893ffa2e32 -> 
  custom:container-demuxer-ogg: 62fdf1f143b41e24485cea50d1cbac27 -> 
  custom:video-decoder-webm-vp8: 9c59270c3fd7afecdb556c50c9e8de78 -> 
  custom:audio-decoder-ogg-vorbis: bf7c407c2cedff20999df2af8eb42d56 -> 
========================================================================
Received Import Request.
  Time since last request: 81.911481 seconds.
  path: Assets/Scenes/front 1.unity
  artifactKey: Guid(b063b1846ff64a64bbcd5cc440ef5969) Importer(815301076,1909f56bfc062723c751e8b465ee728b)
Start importing Assets/Scenes/front 1.unity using Guid(b063b1846ff64a64bbcd5cc440ef5969) Importer(815301076,1909f56bfc062723c751e8b465ee728b)  -> (artifact id: 'ae31d5ba9f3a047422cef426925ee9e0') in 0.003045 seconds 
========================================================================
Received Import Request.
  Time since last request: 4.155263 seconds.
  path: Assets/Scenes/back.unity
  artifactKey: Guid(b063b1846ff64a64bbcd5cc440ef5969) Importer(815301076,1909f56bfc062723c751e8b465ee728b)
Start importing Assets/Scenes/back.unity using Guid(b063b1846ff64a64bbcd5cc440ef5969) Importer(815301076,1909f56bfc062723c751e8b465ee728b)  -> (artifact id: 'a1f6120d61aade1e9f4de7c245d16c62') in 0.003238 seconds 
========================================================================
Received Import Request.
  Time since last request: 15.572133 seconds.
  path: Assets/Scenes/front.unity
  artifactKey: Guid(9fc0d4010bbf28b4594072e72b8655ab) Importer(815301076,1909f56bfc062723c751e8b465ee728b)
Start importing Assets/Scenes/front.unity using Guid(9fc0d4010bbf28b4594072e72b8655ab) Importer(815301076,1909f56bfc062723c751e8b465ee728b)  -> (artifact id: '6c05756169de4e26563e64d2b5bb155a') in 0.002629 seconds 
========================================================================
Received Import Request.
  Time since last request: 6.045498 seconds.
  path: Assets/Scenes/front 1.unity
  artifactKey: Guid(ef23f1f6d49bf4d41865b85c33577c2d) Importer(815301076,1909f56bfc062723c751e8b465ee728b)
Start importing Assets/Scenes/front 1.unity using Guid(ef23f1f6d49bf4d41865b85c33577c2d) Importer(815301076,1909f56bfc062723c751e8b465ee728b)  -> (artifact id: '70df312c853ed96d8a03ab7bc111946d') in 0.002701 seconds 
========================================================================
Received Import Request.
  Time since last request: 4.162200 seconds.
  path: Assets/Scenes/back.unity
  artifactKey: Guid(ef23f1f6d49bf4d41865b85c33577c2d) Importer(815301076,1909f56bfc062723c751e8b465ee728b)
Start importing Assets/Scenes/back.unity using Guid(ef23f1f6d49bf4d41865b85c33577c2d) Importer(815301076,1909f56bfc062723c751e8b465ee728b)  -> (artifact id: '4ce6e4f0acb2525c58784b1c740cbc1b') in 0.003052 seconds 
========================================================================
Received Import Request.
  Time since last request: 15.470153 seconds.
  path: Assets/Scenes/back.unity
  artifactKey: Guid(ef23f1f6d49bf4d41865b85c33577c2d) Importer(815301076,1909f56bfc062723c751e8b465ee728b)
Start importing Assets/Scenes/back.unity using Guid(ef23f1f6d49bf4d41865b85c33577c2d) Importer(815301076,1909f56bfc062723c751e8b465ee728b)  -> (artifact id: 'b7679b6b6f3876541c8df44b42100a2d') in 0.003248 seconds 
========================================================================
Received Prepare
Refreshing native plugins compatible for Editor in 10.38 ms, found 5 plugins.
Preloading 0 native plugins for Editor in 0.00 ms.
Unloading 36 Unused Serialized files (Serialized files now loaded: 0)
Unloading 36 unused Assets / (22.0 KB). Loaded Objects now: 3904.
Memory consumption went from 55.2 MB to 55.2 MB.
Total: 3.336300 ms (FindLiveObjects: 0.221900 ms CreateObjectMapping: 0.133900 ms MarkObjects: 2.947400 ms  DeleteObjects: 0.032400 ms)

AssetImportParameters requested are different than current active one (requested -> active):
  custom:video-decoder-ogg-theora: a1e56fd34408186e4bbccfd4996cb3dc -> 
  custom:container-muxer-webm: aa71ff27fc2769a1b78a27578f13a17b -> 
  custom:container-demuxer-webm: 4f35f7cbe854078d1ac9338744f61a02 -> 
  custom:video-encoder-webm-vp8: eb34c28f22e8b96e1ab97ce403110664 -> 
  custom:video-codec-MediaFoundation-h265: 746d11721c4dcdbdad8f713fa42b33f4 -> 
  custom:audio-encoder-webm-vorbis: bf7c407c2cedff20999df2af8eb42d56 -> 
  custom:framework-win-MediaFoundation: 216162199b28c13a410421893ffa2e32 -> 
  custom:container-demuxer-ogg: 62fdf1f143b41e24485cea50d1cbac27 -> 
  custom:video-decoder-webm-vp8: 9c59270c3fd7afecdb556c50c9e8de78 -> 
  custom:audio-decoder-ogg-vorbis: bf7c407c2cedff20999df2af8eb42d56 -> 
========================================================================
Received Prepare
Refreshing native plugins compatible for Editor in 13.91 ms, found 5 plugins.
Preloading 0 native plugins for Editor in 0.00 ms.
Unloading 36 Unused Serialized files (Serialized files now loaded: 0)
Unloading 36 unused Assets / (22.0 KB). Loaded Objects now: 3904.
Memory consumption went from 55.2 MB to 55.2 MB.
Total: 3.856600 ms (FindLiveObjects: 0.383800 ms CreateObjectMapping: 0.369700 ms MarkObjects: 3.033700 ms  DeleteObjects: 0.068300 ms)

AssetImportParameters requested are different than current active one (requested -> active):
  custom:video-decoder-ogg-theora: a1e56fd34408186e4bbccfd4996cb3dc -> 
  custom:container-muxer-webm: aa71ff27fc2769a1b78a27578f13a17b -> 
  custom:container-demuxer-webm: 4f35f7cbe854078d1ac9338744f61a02 -> 
  custom:video-encoder-webm-vp8: eb34c28f22e8b96e1ab97ce403110664 -> 
  custom:video-codec-MediaFoundation-h265: 746d11721c4dcdbdad8f713fa42b33f4 -> 
  custom:audio-encoder-webm-vorbis: bf7c407c2cedff20999df2af8eb42d56 -> 
  custom:framework-win-MediaFoundation: 216162199b28c13a410421893ffa2e32 -> 
  custom:container-demuxer-ogg: 62fdf1f143b41e24485cea50d1cbac27 -> 
  custom:video-decoder-webm-vp8: 9c59270c3fd7afecdb556c50c9e8de78 -> 
  custom:audio-decoder-ogg-vorbis: bf7c407c2cedff20999df2af8eb42d56 -> 
